# JRE version: OpenJDK Runtime Environment Temurin-17.0.8.1+1 (17.0.8.1+1) (build 17.0.8.1+1)
# Java VM: OpenJDK 64-Bit Server VM Temurin-17.0.8.1+1 (17.0.8.1+1, mixed mode, sharing, tiered, compressed oops, compressed class ptrs, g1 gc, windows-amd64)
GC Precious Log:
 CPUs: 8 total, 8 available
 Memory: 8050M
 Large Page Support: Disabled
 NUMA Support: Disabled
 Compressed Oops: Enabled (32-bit)
 Heap Region Size: 1M
 Heap Min Capacity: 8M
 Heap Initial Capacity: 126M
 Heap Max Capacity: 2014M
 Pre-touch: Disabled
 Parallel Workers: 8
 Concurrent Workers: 2
 Concurrent Refinement Workers: 8
 Periodic GC: Disabled
Heap:
 garbage-first heap   total 75776K, used 50888K [0x0000000082200000, 0x0000000100000000)
  region size 1024K, 19 young (19456K), 2 survivors (2048K)
 Metaspace       used 57065K, committed 57664K, reserved 1114112K
  class space    used 7430K, committed 7744K, reserved 1048576K
GC Heap History (20 events):
Event: 6.828 GC heap before
{Heap before GC invocations=5 (full 0):
 garbage-first heap   total 55296K, used 17861K [0x0000000082200000, 0x0000000100000000)
  region size 1024K, 4 young (4096K), 3 survivors (3072K)
 Metaspace       used 25171K, committed 25536K, reserved 1114112K
  class space    used 3177K, committed 3392K, reserved 1048576K
}
Event: 6.836 GC heap after
{Heap after GC invocations=6 (full 0):
 garbage-first heap   total 55296K, used 17503K [0x0000000082200000, 0x0000000100000000)
  region size 1024K, 1 young (1024K), 1 survivors (1024K)
 Metaspace       used 25171K, committed 25536K, reserved 1114112K
  class space    used 3177K, committed 3392K, reserved 1048576K
}
Event: 7.746 GC heap before
{Heap before GC invocations=6 (full 0):
 garbage-first heap   total 55296K, used 37983K [0x0000000082200000, 0x0000000100000000)
  region size 1024K, 20 young (20480K), 1 survivors (1024K)
 Metaspace       used 29187K, committed 29696K, reserved 1114112K
  class space    used 3665K, committed 3904K, reserved 1048576K
}
Event: 7.758 GC heap after
{Heap after GC invocations=7 (full 0):
 garbage-first heap   total 55296K, used 18482K [0x0000000082200000, 0x0000000100000000)
  region size 1024K, 2 young (2048K), 2 survivors (2048K)
 Metaspace       used 29187K, committed 29696K, reserved 1114112K
  class space    used 3665K, committed 3904K, reserved 1048576K
}
Event: 8.090 GC heap before
{Heap before GC invocations=7 (full 0):
 garbage-first heap   total 55296K, used 38962K [0x0000000082200000, 0x0000000100000000)
  region size 1024K, 22 young (22528K), 2 survivors (2048K)
 Metaspace       used 30000K, committed 30464K, reserved 1114112K
  class space    used 3784K, committed 4032K, reserved 1048576K
}
Event: 8.097 GC heap after
{Heap after GC invocations=8 (full 0):
 garbage-first heap   total 55296K, used 19194K [0x0000000082200000, 0x0000000100000000)
  region size 1024K, 3 young (3072K), 3 survivors (3072K)
 Metaspace       used 30000K, committed 30464K, reserved 1114112K
  class space    used 3784K, committed 4032K, reserved 1048576K
}
Event: 8.910 GC heap before
{Heap before GC invocations=8 (full 0):
 garbage-first heap   total 55296K, used 39674K [0x0000000082200000, 0x0000000100000000)
  region size 1024K, 23 young (23552K), 3 survivors (3072K)
 Metaspace       used 33598K, committed 34048K, reserved 1114112K
  class space    used 4308K, committed 4544K, reserved 1048576K
}
Event: 8.922 GC heap after
{Heap after GC invocations=9 (full 0):
 garbage-first heap   total 97280K, used 20591K [0x0000000082200000, 0x0000000100000000)
  region size 1024K, 3 young (3072K), 3 survivors (3072K)
 Metaspace       used 33598K, committed 34048K, reserved 1114112K
  class space    used 4308K, committed 4544K, reserved 1048576K
}
Event: 9.206 GC heap before
{Heap before GC invocations=9 (full 0):
 garbage-first heap   total 97280K, used 28783K [0x0000000082200000, 0x0000000100000000)
  region size 1024K, 12 young (12288K), 3 survivors (3072K)
 Metaspace       used 35547K, committed 35968K, reserved 1114112K
  class space    used 4607K, committed 4800K, reserved 1048576K
}
Event: 9.214 GC heap after
{Heap after GC invocations=10 (full 0):
 garbage-first heap   total 97280K, used 21004K [0x0000000082200000, 0x0000000100000000)
  region size 1024K, 3 young (3072K), 3 survivors (3072K)
 Metaspace       used 35547K, committed 35968K, reserved 1114112K
  class space    used 4607K, committed 4800K, reserved 1048576K
}
Event: 10.534 GC heap before
{Heap before GC invocations=11 (full 0):
 garbage-first heap   total 75776K, used 61964K [0x0000000082200000, 0x0000000100000000)
  region size 1024K, 44 young (45056K), 3 survivors (3072K)
 Metaspace       used 40659K, committed 41152K, reserved 1114112K
  class space    used 5356K, committed 5632K, reserved 1048576K
}
Event: 10.543 GC heap after
{Heap after GC invocations=12 (full 0):
 garbage-first heap   total 75776K, used 27547K [0x0000000082200000, 0x0000000100000000)
  region size 1024K, 6 young (6144K), 6 survivors (6144K)
 Metaspace       used 40659K, committed 41152K, reserved 1114112K
  class space    used 5356K, committed 5632K, reserved 1048576K
}
Event: 14.893 GC heap before
{Heap before GC invocations=12 (full 0):
 garbage-first heap   total 75776K, used 57243K [0x0000000082200000, 0x0000000100000000)
  region size 1024K, 35 young (35840K), 6 survivors (6144K)
 Metaspace       used 45123K, committed 45632K, reserved 1114112K
  class space    used 6056K, committed 6272K, reserved 1048576K
}
Event: 14.900 GC heap after
{Heap after GC invocations=13 (full 0):
 garbage-first heap   total 75776K, used 30729K [0x0000000082200000, 0x0000000100000000)
  region size 1024K, 3 young (3072K), 3 survivors (3072K)
 Metaspace       used 45123K, committed 45632K, reserved 1114112K
  class space    used 6056K, committed 6272K, reserved 1048576K
}
Event: 44.240 GC heap before
{Heap before GC invocations=13 (full 0):
 garbage-first heap   total 75776K, used 56329K [0x0000000082200000, 0x0000000100000000)
  region size 1024K, 29 young (29696K), 3 survivors (3072K)
 Metaspace       used 51674K, committed 52160K, reserved 1114112K
  class space    used 6985K, committed 7232K, reserved 1048576K
}
Event: 44.251 GC heap after
{Heap after GC invocations=14 (full 0):
 garbage-first heap   total 75776K, used 32684K [0x0000000082200000, 0x0000000100000000)
  region size 1024K, 3 young (3072K), 3 survivors (3072K)
 Metaspace       used 51674K, committed 52160K, reserved 1114112K
  class space    used 6985K, committed 7232K, reserved 1048576K
}
Event: 776.252 GC heap before
{Heap before GC invocations=14 (full 0):
 garbage-first heap   total 75776K, used 58284K [0x0000000082200000, 0x0000000100000000)
  region size 1024K, 28 young (28672K), 3 survivors (3072K)
 Metaspace       used 55771K, committed 56384K, reserved 1114112K
  class space    used 7428K, committed 7744K, reserved 1048576K
}
Event: 776.500 GC heap after
{Heap after GC invocations=15 (full 0):
 garbage-first heap   total 75776K, used 34246K [0x0000000082200000, 0x0000000100000000)
  region size 1024K, 2 young (2048K), 2 survivors (2048K)
 Metaspace       used 55771K, committed 56384K, reserved 1114112K
  class space    used 7428K, committed 7744K, reserved 1048576K
}
Event: 2608.827 GC heap before
{Heap before GC invocations=15 (full 0):
 garbage-first heap   total 75776K, used 59846K [0x0000000082200000, 0x0000000100000000)
  region size 1024K, 27 young (27648K), 2 survivors (2048K)
 Metaspace       used 56931K, committed 57536K, reserved 1114112K
  class space    used 7429K, committed 7744K, reserved 1048576K
}
Event: 2608.953 GC heap after
{Heap after GC invocations=16 (full 0):
 garbage-first heap   total 75776K, used 34504K [0x0000000082200000, 0x0000000100000000)
  region size 1024K, 2 young (2048K), 2 survivors (2048K)
 Metaspace       used 56931K, committed 57536K, reserved 1114112K
  class space    used 7429K, committed 7744K, reserved 1048576K
}

